<?xml version="1.0" encoding="UTF-8"?>
<testsuite name="memory.MemoryFinderTest" tests="1" skipped="0" failures="0" errors="0" timestamp="2025-07-13T11:39:59" hostname="yunjuhun-ui-MacBookPro.local" time="0.051">
  <properties/>
  <testcase name="get()" classname="memory.MemoryFinderTest" time="0.051"/>
  <system-out><![CDATA[Memory{used=12901360, max=536870912}
]]></system-out>
  <system-err><![CDATA[]]></system-err>
</testsuite>
